<?xml version="1.0" encoding="UTF-8"?>
<!-- Generated by org.testng.reporters.JUnitXMLReporter -->
<testsuite ignored="0" hostname="LAPTOP-2RQIRGO3" failures="0" tests="2" name="Test" time="0.062" errors="0" timestamp="02 Dec 2019 08:57:03 GMT">
  <testcase classname="guru.guruBank.GuruBank_NewCustomer" name="@BeforeTest getLogeed" time="0.015">
    <failure type="java.lang.NullPointerException">
      <![CDATA[java.lang.NullPointerException
at guru.guruBank.MainDriver.baseDriver(MainDriver.java:30)
at guru.guruBank.GuruBank_LandingPage_Test.LaningPageTest(GuruBank_LandingPage_Test.java:13)
at guru.guruBank.GuruBank_NewCustomer.getLogeed(GuruBank_NewCustomer.java:12)
... Removed 24 stack frames]]>
    </failure>
  </testcase> <!-- @BeforeTest getLogeed -->
  <testcase classname="guru.guruBank.GuruBank_LandingPage_Test" name="LaningPageTest" time="0.0">
    <skipped/>
  </testcase> <!-- LaningPageTest -->
  <testcase classname="guru.guruBank.GuruBank_NewCustomer" name="getNewCustomer" time="0.0">
    <skipped/>
  </testcase> <!-- getNewCustomer -->
</testsuite> <!-- Test -->
