<?xml version="1.0" encoding="UTF-8"?>
<testng-results ignored="0" total="1" passed="1" failed="0" skipped="0">
  <reporter-output>
  </reporter-output>
  <suite started-at="2019-12-02T11:40:05Z" name="guru.guruBank.GuruBank_LandingPage_Test" finished-at="2019-12-02T11:40:18Z" duration-ms="13158">
    <groups>
    </groups>
    <test started-at="2019-12-02T11:40:05Z" name="Command line test" finished-at="2019-12-02T11:40:18Z" duration-ms="13158">
      <class name="guru.guruBank.GuruBank_LandingPage_Test">
        <test-method signature="LaningPageTest()[pri:0, instance:guru.guruBank.GuruBank_LandingPage_Test@43301423]" started-at="2019-12-02T11:40:05Z" name="LaningPageTest" finished-at="2019-12-02T11:40:18Z" duration-ms="13103" status="PASS">
          <reporter-output>
          </reporter-output>
        </test-method> <!-- LaningPageTest -->
      </class> <!-- guru.guruBank.GuruBank_LandingPage_Test -->
    </test> <!-- Command line test -->
  </suite> <!-- guru.guruBank.GuruBank_LandingPage_Test -->
</testng-results>
